\BOOKMARK [0][-]{chapter.1}{\376\377\137\256\122\006\137\142\137\017\123\312\121\166\171\357\122\006}{}% 1
\BOOKMARK [0][-]{chapter.2}{\376\377\137\256\122\006\137\142\137\017\123\312\121\166\171\357\122\006}{}% 2
\BOOKMARK [1][-]{section.2.1}{\376\377\137\256\122\006\137\142\137\017}{chapter.2}% 3
\BOOKMARK [2][-]{subsection.2.1.1}{\376\377\000l\137\142\137\017}{section.2.1}% 4
\BOOKMARK [2][-]{subsection.2.1.2}{\376\377\151\124\137\142\171\357}{section.2.1}% 5
\BOOKMARK [2][-]{subsection.2.1.3}{\376\377\131\026\137\256\122\006\173\227\173\046}{section.2.1}% 6
\BOOKMARK [1][-]{section.2.2}{\376\377\155\101\137\142\116\012\166\204\171\357\122\006}{chapter.2}% 7
\BOOKMARK [1][-]{section.2.3}{\376\377\000S\000t\000o\000k\000e\000s\121\154\137\017}{chapter.2}% 8
\BOOKMARK [1][-]{section.2.4}{\376\377\117\123\121\103}{chapter.2}% 9
\BOOKMARK [1][-]{section.2.5}{\376\377\121\375\145\160\127\050\155\101\137\142\116\012\166\204\171\357\122\006\000,\000G\000a\000u\000s\000s\133\232\164\006}{chapter.2}% 10
\BOOKMARK [1][-]{section.2.6}{\376\377\133\371\120\166\137\256\122\006\137\142\137\017}{chapter.2}% 11
\BOOKMARK [0][-]{chapter.3}{\376\377\162\355\116\111\166\370\133\371\213\272}{}% 12
\BOOKMARK [1][-]{section.3.1}{\376\377\0004\176\364\210\150\217\360\127\372\170\100}{chapter.3}% 13
\BOOKMARK [2][-]{subsection.3.1.1}{\376\377\230\204\131\007\167\345\213\306}{section.3.1}% 14
\BOOKMARK [2][-]{subsection.3.1.2}{\376\377\000M\000a\000x\000w\000e\000l\000l\145\271\172\013\166\204\123\302\200\003\174\373\225\356\230\230}{section.3.1}% 15
\BOOKMARK [2][-]{subsection.3.1.3}{\376\377\121\340\117\125\213\355\212\000\221\315\145\260\210\150\217\360\000S\000R}{section.3.1}% 16
\BOOKMARK [2][-]{subsection.3.1.4}{\376\377\116\044\171\315\145\366\172\172\176\323\147\204\166\204\133\371\153\324}{section.3.1}% 17
\BOOKMARK [1][-]{section.3.2}{\376\377\121\170\127\213\145\110\136\224\122\006\147\220}{chapter.3}% 18
\BOOKMARK [2][-]{subsection.3.2.1}{\376\377\134\072\177\051\145\110\136\224}{section.3.2}% 19
\BOOKMARK [2][-]{subsection.3.2.2}{\376\377\224\237\141\142\145\110\136\224}{section.3.2}% 20
\BOOKMARK [2][-]{subsection.3.2.3}{\376\377\133\152\133\120\117\157\214\054}{section.3.2}% 21
